2024-06-01 16:49:33,100 - test_cold_banding.py[line:22] - INFO - pda获取空闲冰排 {'code': 200, 'msg': '成功', 'obj': [{'key': '1765759412916736', 'id': '1765759412916736', 'remark': '', 'createTime': '2024-06-01 09:03:22', 'creator': 'lhb', 'creatorName': '李鸿宾', 'updateTime': '2024-06-01 09:03:22', 'updater': 'lhb', 'updaterName': '李鸿宾', 'companyCode': 'QDBYYYGF', 'whId': 817929940341248, 'iceRowCategoryId': 1764825015063040, 'equipmentCode': 'testcold', 'equipmentName': 'testddata', 'rfid': 'test1', 'isEnable': 1, 'workStatus': 10, 'optimistic': 0, 'imageList': None, 'totalNum': 1, 'syzNum': 0, 'sfzNum': 0, 'xlzNum': None, 'kxNum': 1, 'incubatorInfoCode': None, 'coldStorageDurationActual': None, 'coldStorageDurationMin': None, 'releaseColdDurationMin': None, 'correlationEquipmentCode': None, 'storageOrReleaseColdDuration': None, 'storageOrReleaseColdDurationMin': None, 'inventoryTotalNum': None, 'bookQtyNum': None, 'equipmentModel': None, 'coldStorageDuration': None, 'releaseColdDuration': None, 'releaseColdDurationMax': None, 'weight': None, 'innerLength': None, 'innerWidth': None, 'innerHeight': None, 'innerVolume': None, 'externalLength': None, 'externalWidth': None, 'externalHeight': None, 'externalVolume': None, 'factoryModel': None, 'phaseTransitionTemperature': None, 'isEnableName': '启用', 'workStatusName': '空闲'}]} 200 
2024-06-01 16:49:33,231 - test_cold_banding.py[line:33] - INFO - pda获取空闲保温箱 {'code': 200, 'msg': '成功', 'obj': {'incubatorInfoPOList': [{'key': 'bwx1 已绑冰排0/null', 'value': 1765766589731328, 'code': None}]}} 200 
2024-06-01 16:49:33,363 - test_cold_banding.py[line:44] - INFO - pda获取空闲冷柜 {'code': 200, 'msg': '成功', 'obj': {'freezerInfoList': [{'key': 'T0', 'value': 1765771415032320, 'code': None}]}} 200 
2024-06-01 16:49:33,671 - test_cold_ice.py[line:26] - INFO - 冰排设备型号重复新增 {'code': 100, 'msg': '设备型号已存在'} 200 
2024-06-01 16:49:33,748 - test_cold_ice.py[line:26] - INFO - 冰排设备型号正常新增 {'code': 100, 'msg': '设备型号已存在'} 200 
2024-06-01 16:49:34,182 - test_cold_ice.py[line:26] - INFO - 冰排缺失必填项新增 {'code': 10001, 'msg': '参数错误[设备型号不能为空]'} 200 
2024-06-01 16:49:34,244 - test_cold_ice.py[line:26] - INFO - 冰排设备型号过长新增 {'code': 10001, 'msg': '参数错误[设备型号长度不能超过60]'} 200 
2024-06-01 16:49:34,315 - test_cold_ice.py[line:45] - INFO - 保温箱正常新增 {'code': 100, 'msg': '设备型号已存在'} 200 
2024-06-01 16:49:34,378 - test_cold_ice.py[line:45] - INFO - 保温箱重复新增 {'code': 100, 'msg': '设备型号已存在'} 200 
2024-06-01 16:49:34,446 - test_cold_ice.py[line:45] - INFO - 保温箱缺失必填项新增 {'code': 10001, 'msg': '参数错误[设备型号不能为空]'} 200 
2024-06-01 16:49:34,519 - test_cold_ice.py[line:45] - INFO - 保温箱过长新增 {'code': 10001, 'msg': '参数错误[设备型号长度不能超过60]'} 200 
2024-06-01 16:49:34,614 - test_cold_ice.py[line:64] - INFO - 冷柜正常新增 {'code': 100, 'msg': '设备型号已存在'} 200 
2024-06-01 16:49:34,692 - test_cold_ice.py[line:64] - INFO - 冷柜重复新增 {'code': 100, 'msg': '设备型号已存在'} 200 
2024-06-01 16:49:34,771 - test_cold_ice.py[line:64] - INFO - 冷柜缺失必填项新增 {'code': 10001, 'msg': '参数错误[设备型号不能为空]'} 200 
2024-06-01 16:49:34,847 - test_cold_ice.py[line:64] - INFO - 冷柜过长新增 {'code': 10001, 'msg': '参数错误[设备型号长度不能超过60]'} 200 
2024-06-01 16:49:34,911 - test_cold_ice.py[line:83] - INFO - 冷柜资料新增 {'code': 1001, 'msg': '冷柜设备编码【T1】已存在,操作失败'} 200 
2024-06-01 16:49:34,999 - test_cold_ice.py[line:83] - INFO - 冷柜资料重复新增 {'code': 1001, 'msg': '冷柜设备编码【T1】已存在,操作失败'} 200 
2024-06-01 16:49:35,076 - test_cold_ice.py[line:83] - INFO - 冷柜资料缺失必填项新增 {'code': 10001, 'msg': '参数错误[设备编码不能为空]'} 200 
2024-06-01 16:49:35,134 - test_cold_ice.py[line:100] - INFO - 保温箱资料新增 {'code': 1001, 'msg': '保温箱设备编码【bwx2】已存在,操作失败'} 200 
2024-06-01 16:49:35,226 - test_cold_ice.py[line:100] - INFO - 保温箱资料重复新增 {'code': 1001, 'msg': '保温箱设备编码【bwx2】已存在,操作失败'} 200 
2024-06-01 16:49:35,330 - test_cold_ice.py[line:100] - INFO - 保温箱资料缺失必填项新增 {'code': 10001, 'msg': '参数错误[RFID不能为空]'} 200 
2024-06-01 16:49:35,401 - test_cold_ice.py[line:117] - INFO - 冷柜资料新增 {'code': 1001, 'msg': '冷柜设备编码【T1】已存在,操作失败'} 200 
2024-06-01 16:49:35,492 - test_cold_ice.py[line:117] - INFO - 冷柜资料重复新增 {'code': 1001, 'msg': '冷柜设备编码【T1】已存在,操作失败'} 200 
2024-06-01 16:49:35,582 - test_cold_ice.py[line:117] - INFO - 冷柜资料缺失必填项新增 {'code': 10001, 'msg': '参数错误[设备编码不能为空]'} 200 
