2024-06-04 17:40:31,709 - test_cold_ice.py[line:28] - INFO - 冰排设备型号重复新增 {'code': 100, 'msg': '设备型号已存在'} 200 
2024-06-04 17:40:31,917 - test_cold_ice.py[line:28] - INFO - 冰排设备型号正常新增 {'code': 100, 'msg': '设备型号已存在'} 200 
2024-06-04 17:40:32,308 - test_cold_ice.py[line:28] - INFO - 冰排缺失必填项新增 {'code': 10001, 'msg': '参数错误[设备型号不能为空]'} 200 
2024-06-04 17:40:32,335 - test_cold_ice.py[line:28] - INFO - 冰排设备型号过长新增 {'code': 10001, 'msg': '参数错误[设备型号长度不能超过60]'} 200 
2024-06-04 17:40:32,364 - test_cold_ice.py[line:49] - INFO - 保温箱正常新增 {'code': 100, 'msg': '设备型号已存在'} 200 
2024-06-04 17:40:32,408 - test_cold_ice.py[line:49] - INFO - 保温箱重复新增 {'code': 100, 'msg': '设备型号已存在'} 200 
2024-06-04 17:40:32,431 - test_cold_ice.py[line:49] - INFO - 保温箱缺失必填项新增 {'code': 10001, 'msg': '参数错误[设备型号不能为空]'} 200 
2024-06-04 17:40:32,462 - test_cold_ice.py[line:49] - INFO - 保温箱过长新增 {'code': 10001, 'msg': '参数错误[设备型号长度不能超过60]'} 200 
2024-06-04 17:40:32,492 - test_cold_ice.py[line:70] - INFO - 冷柜正常新增 {'code': 100, 'msg': '设备型号已存在'} 200 
2024-06-04 17:40:32,539 - test_cold_ice.py[line:70] - INFO - 冷柜重复新增 {'code': 100, 'msg': '设备型号已存在'} 200 
2024-06-04 17:40:32,566 - test_cold_ice.py[line:70] - INFO - 冷柜缺失必填项新增 {'code': 10001, 'msg': '参数错误[设备型号不能为空]'} 200 
2024-06-04 17:40:32,605 - test_cold_ice.py[line:70] - INFO - 冷柜过长新增 {'code': 10001, 'msg': '参数错误[设备型号长度不能超过60]'} 200 
2024-06-04 17:40:32,643 - test_cold_ice.py[line:91] - INFO - 冰排资料新增 {'code': 200, 'msg': '成功'} 200 
2024-06-04 17:40:32,687 - test_cold_ice.py[line:91] - INFO - 冰排资料重复新增 {'code': 1001, 'msg': '冰排设备编码【33138】已存在,操作失败'} 200 
2024-06-04 17:40:32,733 - test_cold_ice.py[line:91] - INFO - 冰排资料缺失必填项新增 {'code': 1001, 'msg': '冰排设备编码【33138】已存在,操作失败'} 200 
2024-06-04 17:40:32,776 - test_cold_ice.py[line:110] - INFO - 保温箱资料新增 {'code': 1001, 'msg': '保温箱设备编码【bwx2】已存在,操作失败'} 200 
2024-06-04 17:40:32,819 - test_cold_ice.py[line:110] - INFO - 保温箱资料重复新增 {'code': 1001, 'msg': '保温箱设备编码【bwx2】已存在,操作失败'} 200 
2024-06-04 17:40:32,864 - test_cold_ice.py[line:110] - INFO - 保温箱资料缺失必填项新增 {'code': 10001, 'msg': '参数错误[RFID不能为空]'} 200 
2024-06-04 17:40:32,911 - test_cold_ice.py[line:129] - INFO - 冷柜资料新增 {'code': 1001, 'msg': '冷柜设备编码【T1】已存在,操作失败'} 200 
2024-06-04 17:40:32,959 - test_cold_ice.py[line:129] - INFO - 冷柜资料重复新增 {'code': 1001, 'msg': '冷柜设备编码【T1】已存在,操作失败'} 200 
2024-06-04 17:40:33,006 - test_cold_ice.py[line:129] - INFO - 冷柜资料缺失必填项新增 {'code': 10001, 'msg': '参数错误[设备编码不能为空]'} 200 
2024-06-04 17:40:33,491 - test_cold_banding.py[line:43] - INFO - pda获取空闲保温箱 {'code': 200, 'msg': '成功', 'obj': {'incubatorInfoPOList': [{'key': 'bwx1 已绑冰排0/null', 'value': 1765766589731328, 'code': None}]}} 200 
2024-06-04 17:40:33,561 - test_cold_banding.py[line:54] - INFO - pda获取空闲冷柜 {'code': 200, 'msg': '成功', 'obj': {'freezerInfoList': [{'key': 'T0', 'value': 1765771415032320, 'code': None}]}} 200 
2024-06-04 17:40:33,602 - test_cold_banding.py[line:65] - INFO - 冷柜绑定 {'code': 1000, 'msg': '绑定失败! 所有采集的冰排工作状态都是蓄冷中!'} 200 
2024-06-04 17:40:33,665 - test_cold_banding.py[line:65] - INFO - 蓄冷中冰排绑定冷柜 {'code': 1000, 'msg': '绑定失败! 所有采集的冰排工作状态都是蓄冷中!'} 200 
